<?xml version="1.0" encoding="UTF-8"?>
<!-- Generated by org.testng.reporters.JUnitXMLReporter -->
<testsuite hostname="DBS-NOTE-423" ignored="2" name="Test" tests="1" failures="1" timestamp="18 Apr 2020 05:13:31 GMT" time="8.951" errors="0">
  <testcase name="simuladorDeInvestimento" time="8.808" classname="org.dbserver.sicredi.simulador.testCases.SimuladorInvestimentoTestCase">
    <failure type="java.lang.NullPointerException">
      <![CDATA[java.lang.NullPointerException
	at org.dbserver.sicredi.simulador.appObjects.SimuladorAppObject.getValorParaAplicarTextField(SimuladorAppObject.java:20)
	at org.dbserver.sicredi.simulador.tasks.SimuladorTask.realizaSimulacao(SimuladorTask.java:21)
	at org.dbserver.sicredi.simulador.testCases.SimuladorInvestimentoTestCase.simuladorDeInvestimento(SimuladorInvestimentoTestCase.java:28)
... Removed 25 stack frames]]>
    </failure>
  </testcase> <!-- simuladorDeInvestimento -->
  <testcase name="@AfterTest tearDown" time="0.0" classname="org.dbserver.sicredi.simulador.utils.TestBase">
    <ignored/>
  </testcase> <!-- @AfterTest tearDown -->
  <testcase name="@BeforeTest setUp" time="0.0" classname="org.dbserver.sicredi.simulador.utils.TestBase">
    <ignored/>
  </testcase> <!-- @BeforeTest setUp -->
</testsuite> <!-- Test -->
