<?xml version="1.0" encoding="UTF-8"?>
<testng-results skipped="0" failed="0" ignored="0" total="2" passed="2">
  <reporter-output>
  </reporter-output>
  <suite name="regressionn" duration-ms="56592" started-at="2020-04-20T12:33:41Z" finished-at="2020-04-20T12:34:38Z">
    <groups>
    </groups>
    <test name="Allocation tests" duration-ms="56592" started-at="2020-04-20T12:33:41Z" finished-at="2020-04-20T12:34:38Z">
      <class name="org.dbserver.sicredi.simulador.testCases.SimuladorInvestimentoFalhaTestCase">
        <test-method status="PASS" signature="setUp()[pri:0, instance:org.dbserver.sicredi.simulador.testCases.SimuladorInvestimentoFalhaTestCase@3c0ecd4b]" name="setUp" is-config="true" duration-ms="11232" started-at="2020-04-20T09:34:26Z" finished-at="2020-04-20T09:34:37Z">
          <reporter-output>
          </reporter-output>
        </test-method> <!-- setUp -->
        <test-method status="PASS" signature="simuladorInvestimentoComFalha()[pri:0, instance:org.dbserver.sicredi.simulador.testCases.SimuladorInvestimentoFalhaTestCase@3c0ecd4b]" name="simuladorInvestimentoComFalha" duration-ms="596" started-at="2020-04-20T09:34:37Z" finished-at="2020-04-20T09:34:38Z">
          <reporter-output>
          </reporter-output>
        </test-method> <!-- simuladorInvestimentoComFalha -->
        <test-method status="PASS" signature="tearDown()[pri:0, instance:org.dbserver.sicredi.simulador.testCases.SimuladorInvestimentoFalhaTestCase@3c0ecd4b]" name="tearDown" is-config="true" duration-ms="78" started-at="2020-04-20T09:34:38Z" finished-at="2020-04-20T09:34:38Z">
          <reporter-output>
          </reporter-output>
        </test-method> <!-- tearDown -->
      </class> <!-- org.dbserver.sicredi.simulador.testCases.SimuladorInvestimentoFalhaTestCase -->
      <class name="org.dbserver.sicredi.simulador.testCases.SimuladorInvestimentoTestCase">
        <test-method status="PASS" signature="setUp()[pri:0, instance:org.dbserver.sicredi.simulador.testCases.SimuladorInvestimentoTestCase@598067a5]" name="setUp" is-config="true" duration-ms="13764" started-at="2020-04-20T09:33:41Z" finished-at="2020-04-20T09:33:55Z">
          <reporter-output>
          </reporter-output>
        </test-method> <!-- setUp -->
        <test-method status="PASS" signature="simuladorDeInvestimento()[pri:0, instance:org.dbserver.sicredi.simulador.testCases.SimuladorInvestimentoTestCase@598067a5]" name="simuladorDeInvestimento" duration-ms="26553" started-at="2020-04-20T09:33:55Z" finished-at="2020-04-20T09:34:21Z">
          <reporter-output>
          </reporter-output>
        </test-method> <!-- simuladorDeInvestimento -->
        <test-method status="PASS" signature="tearDown()[pri:0, instance:org.dbserver.sicredi.simulador.testCases.SimuladorInvestimentoTestCase@598067a5]" name="tearDown" is-config="true" duration-ms="4344" started-at="2020-04-20T09:34:21Z" finished-at="2020-04-20T09:34:26Z">
          <reporter-output>
          </reporter-output>
        </test-method> <!-- tearDown -->
      </class> <!-- org.dbserver.sicredi.simulador.testCases.SimuladorInvestimentoTestCase -->
    </test> <!-- Allocation tests -->
  </suite> <!-- regressionn -->
</testng-results>
