<?xml version="1.0" encoding="UTF-8"?>
<!-- Generated by org.testng.reporters.JUnitReportReporter -->
<testsuite name="org.dbserver.sicredi.simulador.testCases.SimuladorInvestimentoFalhaTestCase" tests="1" time="0.596" ignored="0" failures="0" timestamp="20 Apr 2020 12:34:38 GMT" skipped="0" hostname="DBS-NOTE-423" errors="0">
  <testcase name="simuladorInvestimentoComFalha" time="0.596" classname="org.dbserver.sicredi.simulador.testCases.SimuladorInvestimentoFalhaTestCase"/>
</testsuite> <!-- org.dbserver.sicredi.simulador.testCases.SimuladorInvestimentoFalhaTestCase -->
