<?xml version="1.0" encoding="UTF-8"?>
<!-- Generated by org.testng.reporters.JUnitReportReporter -->
<testsuite name="org.dbserver.sicredi.simulador.testCases.SimuladorInvestimentoTestCase" tests="1" time="26.553" ignored="0" failures="0" timestamp="20 Apr 2020 12:34:38 GMT" skipped="0" hostname="DBS-NOTE-423" errors="0">
  <testcase name="simuladorDeInvestimento" time="26.553" classname="org.dbserver.sicredi.simulador.testCases.SimuladorInvestimentoTestCase"/>
</testsuite> <!-- org.dbserver.sicredi.simulador.testCases.SimuladorInvestimentoTestCase -->
