<?xml version="1.0" encoding="UTF-8"?>
<!-- Generated by org.testng.reporters.JUnitXMLReporter -->
<testsuite hostname="DBS-NOTE-423" ignored="0" name="Allocation tests" tests="2" failures="0" timestamp="20 Apr 2020 12:34:38 GMT" time="56.592" errors="0">
  <testcase name="simuladorDeInvestimento" time="26.553" classname="org.dbserver.sicredi.simulador.testCases.SimuladorInvestimentoTestCase"/>
  <testcase name="simuladorInvestimentoComFalha" time="0.596" classname="org.dbserver.sicredi.simulador.testCases.SimuladorInvestimentoFalhaTestCase"/>
</testsuite> <!-- Allocation tests -->
